<?xml version="1.0" encoding="UTF-8"?>
<testsuite name="com.example.continuousdelivery.ContinuousDeliveryApplicationTests" tests="1" skipped="0" failures="0" errors="0" timestamp="2019-12-26T17:22:33" hostname="MacBook-Pro-de-Jadson.local" time="0.244">
  <properties/>
  <testcase name="contextLoads()" classname="com.example.continuousdelivery.ContinuousDeliveryApplicationTests" time="0.244"/>
  <system-out><![CDATA[14:22:32.107 [Test worker] DEBUG org.springframework.test.context.BootstrapUtils - Instantiating CacheAwareContextLoaderDelegate from class [org.springframework.test.context.cache.DefaultCacheAwareContextLoaderDelegate]
14:22:32.118 [Test worker] DEBUG org.springframework.test.context.BootstrapUtils - Instantiating BootstrapContext using constructor [public org.springframework.test.context.support.DefaultBootstrapContext(java.lang.Class,org.springframework.test.context.CacheAwareContextLoaderDelegate)]
14:22:32.136 [Test worker] DEBUG org.springframework.test.context.BootstrapUtils - Instantiating TestContextBootstrapper for test class [com.example.continuousdelivery.ContinuousDeliveryApplicationTests] from class [org.springframework.boot.test.context.SpringBootTestContextBootstrapper]
14:22:32.146 [Test worker] INFO org.springframework.boot.test.context.SpringBootTestContextBootstrapper - Neither @ContextConfiguration nor @ContextHierarchy found for test class [com.example.continuousdelivery.ContinuousDeliveryApplicationTests], using SpringBootContextLoader
14:22:32.148 [Test worker] DEBUG org.springframework.test.context.support.AbstractContextLoader - Did not detect default resource location for test class [com.example.continuousdelivery.ContinuousDeliveryApplicationTests]: class path resource [com/example/continuousdelivery/ContinuousDeliveryApplicationTests-context.xml] does not exist
14:22:32.149 [Test worker] DEBUG org.springframework.test.context.support.AbstractContextLoader - Did not detect default resource location for test class [com.example.continuousdelivery.ContinuousDeliveryApplicationTests]: class path resource [com/example/continuousdelivery/ContinuousDeliveryApplicationTestsContext.groovy] does not exist
14:22:32.149 [Test worker] INFO org.springframework.test.context.support.AbstractContextLoader - Could not detect default resource locations for test class [com.example.continuousdelivery.ContinuousDeliveryApplicationTests]: no resource found for suffixes {-context.xml, Context.groovy}.
14:22:32.150 [Test worker] INFO org.springframework.test.context.support.AnnotationConfigContextLoaderUtils - Could not detect default configuration classes for test class [com.example.continuousdelivery.ContinuousDeliveryApplicationTests]: ContinuousDeliveryApplicationTests does not declare any static, non-private, non-final, nested classes annotated with @Configuration.
14:22:32.174 [Test worker] DEBUG org.springframework.test.context.support.ActiveProfilesUtils - Could not find an 'annotation declaring class' for annotation type [org.springframework.test.context.ActiveProfiles] and class [com.example.continuousdelivery.ContinuousDeliveryApplicationTests]
14:22:32.215 [Test worker] DEBUG org.springframework.context.annotation.ClassPathScanningCandidateComponentProvider - Identified candidate component class: file [/Users/jadson/git/cd/continuous-delivery/build/classes/java/main/com/example/continuousdelivery/ContinuousDeliveryApplication.class]
14:22:32.216 [Test worker] INFO org.springframework.boot.test.context.SpringBootTestContextBootstrapper - Found @SpringBootConfiguration com.example.continuousdelivery.ContinuousDeliveryApplication for test class com.example.continuousdelivery.ContinuousDeliveryApplicationTests
14:22:32.273 [Test worker] DEBUG org.springframework.boot.test.context.SpringBootTestContextBootstrapper - @TestExecutionListeners is not present for class [com.example.continuousdelivery.ContinuousDeliveryApplicationTests]: using defaults.
14:22:32.274 [Test worker] INFO org.springframework.boot.test.context.SpringBootTestContextBootstrapper - Loaded default TestExecutionListener class names from location [META-INF/spring.factories]: [org.springframework.boot.test.autoconfigure.restdocs.RestDocsTestExecutionListener, org.springframework.boot.test.autoconfigure.web.client.MockRestServiceServerResetTestExecutionListener, org.springframework.boot.test.autoconfigure.web.servlet.MockMvcPrintOnlyOnFailureTestExecutionListener, org.springframework.boot.test.autoconfigure.web.servlet.WebDriverTestExecutionListener, org.springframework.boot.test.mock.mockito.MockitoTestExecutionListener, org.springframework.boot.test.mock.mockito.ResetMocksTestExecutionListener, org.springframework.test.context.web.ServletTestExecutionListener, org.springframework.test.context.support.DirtiesContextBeforeModesTestExecutionListener, org.springframework.test.context.support.DependencyInjectionTestExecutionListener, org.springframework.test.context.support.DirtiesContextTestExecutionListener, org.springframework.test.context.transaction.TransactionalTestExecutionListener, org.springframework.test.context.jdbc.SqlScriptsTestExecutionListener, org.springframework.test.context.event.EventPublishingTestExecutionListener]
14:22:32.280 [Test worker] DEBUG org.springframework.boot.test.context.SpringBootTestContextBootstrapper - Skipping candidate TestExecutionListener [org.springframework.test.context.transaction.TransactionalTestExecutionListener] due to a missing dependency. Specify custom listener classes or make the default listener classes and their required dependencies available. Offending class: [org/springframework/transaction/interceptor/TransactionAttributeSource]
14:22:32.281 [Test worker] DEBUG org.springframework.boot.test.context.SpringBootTestContextBootstrapper - Skipping candidate TestExecutionListener [org.springframework.test.context.jdbc.SqlScriptsTestExecutionListener] due to a missing dependency. Specify custom listener classes or make the default listener classes and their required dependencies available. Offending class: [org/springframework/transaction/interceptor/TransactionAttribute]
14:22:32.281 [Test worker] INFO org.springframework.boot.test.context.SpringBootTestContextBootstrapper - Using TestExecutionListeners: [org.springframework.test.context.web.ServletTestExecutionListener@5f1f94ad, org.springframework.test.context.support.DirtiesContextBeforeModesTestExecutionListener@98b8c7b, org.springframework.boot.test.mock.mockito.MockitoTestExecutionListener@5020cbab, org.springframework.boot.test.autoconfigure.SpringBootDependencyInjectionTestExecutionListener@31aeeceb, org.springframework.test.context.support.DirtiesContextTestExecutionListener@12b7bc8f, org.springframework.test.context.event.EventPublishingTestExecutionListener@478a02f6, org.springframework.boot.test.autoconfigure.restdocs.RestDocsTestExecutionListener@1121f43f, org.springframework.boot.test.autoconfigure.web.client.MockRestServiceServerResetTestExecutionListener@572e8b44, org.springframework.boot.test.autoconfigure.web.servlet.MockMvcPrintOnlyOnFailureTestExecutionListener@78d206ea, org.springframework.boot.test.autoconfigure.web.servlet.WebDriverTestExecutionListener@6fd826b4, org.springframework.boot.test.mock.mockito.ResetMocksTestExecutionListener@7146b77c]
14:22:32.284 [Test worker] DEBUG org.springframework.test.context.support.AbstractDirtiesContextTestExecutionListener - Before test class: context [DefaultTestContext@5c19b8be testClass = ContinuousDeliveryApplicationTests, testInstance = [null], testMethod = [null], testException = [null], mergedContextConfiguration = [WebMergedContextConfiguration@950cf0e testClass = ContinuousDeliveryApplicationTests, locations = '{}', classes = '{class com.example.continuousdelivery.ContinuousDeliveryApplication}', contextInitializerClasses = '[]', activeProfiles = '{}', propertySourceLocations = '{}', propertySourceProperties = '{org.springframework.boot.test.context.SpringBootTestContextBootstrapper=true}', contextCustomizers = set[org.springframework.boot.test.autoconfigure.properties.PropertyMappingContextCustomizer@0, org.springframework.boot.test.autoconfigure.web.servlet.WebDriverContextCustomizerFactory$Customizer@490772ed, org.springframework.boot.test.context.filter.ExcludeFilterContextCustomizer@67a765c1, org.springframework.boot.test.json.DuplicateJsonObjectContextCustomizerFactory$DuplicateJsonObjectContextCustomizer@27b9c573, org.springframework.boot.test.mock.mockito.MockitoContextCustomizer@0, org.springframework.boot.test.web.client.TestRestTemplateContextCustomizer@19fdcb83], resourceBasePath = 'src/main/webapp', contextLoader = 'org.springframework.boot.test.context.SpringBootContextLoader', parent = [null]], attributes = map['org.springframework.test.context.web.ServletTestExecutionListener.activateListener' -> true]], class annotated with @DirtiesContext [false] with mode [null].
14:22:32.306 [Test worker] DEBUG org.springframework.test.context.support.TestPropertySourceUtils - Adding inlined properties to environment: {spring.jmx.enabled=false, org.springframework.boot.test.context.SpringBootTestContextBootstrapper=true, server.port=-1}

  .   ____          _            __ _ _
 /\\ / ___'_ __ _ _(_)_ __  __ _ \ \ \ \
( ( )\___ | '_ | '_| | '_ \/ _` | \ \ \ \
 \\/  ___)| |_)| | | | | || (_| |  ) ) ) )
  '  |____| .__|_| |_|_| |_\__, | / / / /
 =========|_|==============|___/=/_/_/_/
 :: Spring Boot ::        (v2.2.2.RELEASE)

2019-12-26 14:22:32.493  INFO 36500 --- [    Test worker] c.e.c.ContinuousDeliveryApplicationTests : Starting ContinuousDeliveryApplicationTests on MacBook-Pro-de-Jadson.local with PID 36500 (started by jadson in /Users/jadson/git/cd/continuous-delivery)
2019-12-26 14:22:32.494  INFO 36500 --- [    Test worker] c.e.c.ContinuousDeliveryApplicationTests : No active profile set, falling back to default profiles: default
2019-12-26 14:22:33.333  INFO 36500 --- [    Test worker] o.s.s.concurrent.ThreadPoolTaskExecutor  : Initializing ExecutorService 'applicationTaskExecutor'
2019-12-26 14:22:33.571  INFO 36500 --- [    Test worker] c.e.c.ContinuousDeliveryApplicationTests : Started ContinuousDeliveryApplicationTests in 1.256 seconds (JVM running for 2.085)
]]></system-out>
  <system-err><![CDATA[]]></system-err>
</testsuite>
